<?xml version="1.0" encoding="UTF-8"?>
<testsuite xmlns:xsi="http://www.w3.org/2001/XMLSchema-instance" xsi:noNamespaceSchemaLocation="https://maven.apache.org/surefire/maven-surefire-plugin/xsd/surefire-test-report-3.0.xsd" version="3.0" name="programmingtheiot.part01.unit.common.ConfigUtilTest" time="0.092" tests="7" errors="0" skipped="0" failures="0">
  <properties>
    <property name="java.specification.version" value="17"/>
    <property name="sun.jnu.encoding" value="UTF-8"/>
    <property name="java.class.path" value="/home/debian/Desktop/excercises/programming-iot/java-components/target/test-classes:/home/debian/Desktop/excercises/programming-iot/java-components/target/classes:/root/.m2/repository/com/google/code/gson/gson/2.11.0/gson-2.11.0.jar:/root/.m2/repository/com/google/errorprone/error_prone_annotations/2.27.0/error_prone_annotations-2.27.0.jar:/root/.m2/repository/junit/junit/4.13.2/junit-4.13.2.jar:/root/.m2/repository/org/hamcrest/hamcrest-core/1.3/hamcrest-core-1.3.jar:/root/.m2/repository/org/apache/commons/commons-configuration2/2.11.0/commons-configuration2-2.11.0.jar:/root/.m2/repository/org/apache/commons/commons-lang3/3.14.0/commons-lang3-3.14.0.jar:/root/.m2/repository/org/apache/commons/commons-text/1.12.0/commons-text-1.12.0.jar:/root/.m2/repository/commons-logging/commons-logging/1.3.2/commons-logging-1.3.2.jar:/root/.m2/repository/commons-cli/commons-cli/1.9.0/commons-cli-1.9.0.jar:/root/.m2/repository/org/eclipse/paho/org.eclipse.paho.mqttv5.client/1.2.5/org.eclipse.paho.mqttv5.client-1.2.5.jar:/root/.m2/repository/org/eclipse/californium/californium-core/3.12.1/californium-core-3.12.1.jar:/root/.m2/repository/org/eclipse/californium/californium-legal/3.12.1/californium-legal-3.12.1.jar:/root/.m2/repository/org/eclipse/californium/element-connector/3.12.1/element-connector-3.12.1.jar:/root/.m2/repository/org/slf4j/slf4j-api/1.7.36/slf4j-api-1.7.36.jar:/root/.m2/repository/org/eclipse/californium/scandium/3.12.1/scandium-3.12.1.jar:/root/.m2/repository/redis/clients/jedis/5.2.0/jedis-5.2.0.jar:/root/.m2/repository/org/apache/commons/commons-pool2/2.12.0/commons-pool2-2.12.0.jar:/root/.m2/repository/org/json/json/20240303/json-20240303.jar:/root/.m2/repository/com/influxdb/influxdb-client-java/7.2.0/influxdb-client-java-7.2.0.jar:/root/.m2/repository/com/influxdb/influxdb-client-core/7.2.0/influxdb-client-core-7.2.0.jar:/root/.m2/repository/com/influxdb/influxdb-client-utils/7.2.0/influxdb-client-utils-7.2.0.jar:/root/.m2/repository/com/squareup/okio/okio/3.9.0/okio-3.9.0.jar:/root/.m2/repository/com/squareup/okio/okio-jvm/3.9.0/okio-jvm-3.9.0.jar:/root/.m2/repository/org/jetbrains/kotlin/kotlin-stdlib/1.9.21/kotlin-stdlib-1.9.21.jar:/root/.m2/repository/org/jetbrains/annotations/13.0/annotations-13.0.jar:/root/.m2/repository/com/squareup/okhttp3/okhttp/4.12.0/okhttp-4.12.0.jar:/root/.m2/repository/org/jetbrains/kotlin/kotlin-stdlib-jdk8/1.8.21/kotlin-stdlib-jdk8-1.8.21.jar:/root/.m2/repository/org/jetbrains/kotlin/kotlin-stdlib-jdk7/1.8.21/kotlin-stdlib-jdk7-1.8.21.jar:/root/.m2/repository/com/squareup/retrofit2/retrofit/2.11.0/retrofit-2.11.0.jar:/root/.m2/repository/com/squareup/okhttp3/logging-interceptor/4.12.0/logging-interceptor-4.12.0.jar:/root/.m2/repository/org/apache/commons/commons-csv/1.11.0/commons-csv-1.11.0.jar:/root/.m2/repository/commons-io/commons-io/2.16.1/commons-io-2.16.1.jar:/root/.m2/repository/io/reactivex/rxjava3/rxjava/3.1.8/rxjava-3.1.8.jar:/root/.m2/repository/org/reactivestreams/reactive-streams/1.0.4/reactive-streams-1.0.4.jar:/root/.m2/repository/com/squareup/retrofit2/adapter-rxjava3/2.11.0/adapter-rxjava3-2.11.0.jar:/root/.m2/repository/com/squareup/retrofit2/converter-scalars/2.11.0/converter-scalars-2.11.0.jar:/root/.m2/repository/com/squareup/retrofit2/converter-gson/2.11.0/converter-gson-2.11.0.jar:/root/.m2/repository/com/google/code/findbugs/jsr305/3.0.2/jsr305-3.0.2.jar:/root/.m2/repository/jakarta/mail/jakarta.mail-api/2.1.3/jakarta.mail-api-2.1.3.jar:/root/.m2/repository/jakarta/activation/jakarta.activation-api/2.1.3/jakarta.activation-api-2.1.3.jar:/root/.m2/repository/com/amazonaws/aws-iot-device-sdk-java/1.3.13/aws-iot-device-sdk-java-1.3.13.jar:/root/.m2/repository/com/fasterxml/jackson/core/jackson-core/2.13.4/jackson-core-2.13.4.jar:/root/.m2/repository/com/fasterxml/jackson/core/jackson-databind/2.13.4.2/jackson-databind-2.13.4.2.jar:/root/.m2/repository/com/fasterxml/jackson/core/jackson-annotations/2.13.4/jackson-annotations-2.13.4.jar:/root/.m2/repository/org/eclipse/paho/org.eclipse.paho.client.mqttv3/1.2.4/org.eclipse.paho.client.mqttv3-1.2.4.jar:/root/.m2/repository/com/amazonaws/aws-java-sdk-secretsmanager/1.12.315/aws-java-sdk-secretsmanager-1.12.315.jar:/root/.m2/repository/com/amazonaws/aws-java-sdk-core/1.12.315/aws-java-sdk-core-1.12.315.jar:/root/.m2/repository/org/apache/httpcomponents/httpclient/4.5.13/httpclient-4.5.13.jar:/root/.m2/repository/org/apache/httpcomponents/httpcore/4.4.13/httpcore-4.4.13.jar:/root/.m2/repository/software/amazon/ion/ion-java/1.0.2/ion-java-1.0.2.jar:/root/.m2/repository/com/fasterxml/jackson/dataformat/jackson-dataformat-cbor/2.12.6/jackson-dataformat-cbor-2.12.6.jar:/root/.m2/repository/joda-time/joda-time/2.8.1/joda-time-2.8.1.jar:/root/.m2/repository/com/amazonaws/jmespath-java/1.12.315/jmespath-java-1.12.315.jar:/root/.m2/repository/com/amazonaws/aws-iot-device-sdk-java-samples/1.3.13/aws-iot-device-sdk-java-samples-1.3.13.jar:/root/.m2/repository/commons-codec/commons-codec/1.12/commons-codec-1.12.jar:/root/.m2/repository/com/microsoft/azure/sdk/iot/iot-device-client/2.5.0/iot-device-client-2.5.0.jar:/root/.m2/repository/org/apache/qpid/proton-j/0.34.1/proton-j-0.34.1.jar:/root/.m2/repository/com/microsoft/azure/qpid-proton-j-extensions/1.2.4/qpid-proton-j-extensions-1.2.4.jar:/root/.m2/repository/com/microsoft/azure/sdk/iot/provisioning/security/security-provider/2.0.1/security-provider-2.0.1.jar:"/>
    <property name="java.vm.vendor" value="Debian"/>
    <property name="sun.arch.data.model" value="64"/>
    <property name="java.vendor.url" value="https://tracker.debian.org/openjdk-17"/>
    <property name="os.name" value="Linux"/>
    <property name="java.vm.specification.version" value="17"/>
    <property name="sun.java.launcher" value="SUN_STANDARD"/>
    <property name="user.country" value="US"/>
    <property name="sun.boot.library.path" value="/usr/lib/jvm/java-17-openjdk-arm64/lib"/>
    <property name="sun.java.command" value="/home/debian/Desktop/excercises/programming-iot/java-components/target/surefire/surefirebooter11246045184344158107.jar /home/debian/Desktop/excercises/programming-iot/java-components/target/surefire 2025-02-07T06-12-51_153-jvmRun1 surefire8981891449048502544tmp surefire_09744420546919020515tmp"/>
    <property name="jdk.debug" value="release"/>
    <property name="test" value="ConfigUtilTest"/>
    <property name="surefire.test.class.path" value="/home/debian/Desktop/excercises/programming-iot/java-components/target/test-classes:/home/debian/Desktop/excercises/programming-iot/java-components/target/classes:/root/.m2/repository/com/google/code/gson/gson/2.11.0/gson-2.11.0.jar:/root/.m2/repository/com/google/errorprone/error_prone_annotations/2.27.0/error_prone_annotations-2.27.0.jar:/root/.m2/repository/junit/junit/4.13.2/junit-4.13.2.jar:/root/.m2/repository/org/hamcrest/hamcrest-core/1.3/hamcrest-core-1.3.jar:/root/.m2/repository/org/apache/commons/commons-configuration2/2.11.0/commons-configuration2-2.11.0.jar:/root/.m2/repository/org/apache/commons/commons-lang3/3.14.0/commons-lang3-3.14.0.jar:/root/.m2/repository/org/apache/commons/commons-text/1.12.0/commons-text-1.12.0.jar:/root/.m2/repository/commons-logging/commons-logging/1.3.2/commons-logging-1.3.2.jar:/root/.m2/repository/commons-cli/commons-cli/1.9.0/commons-cli-1.9.0.jar:/root/.m2/repository/org/eclipse/paho/org.eclipse.paho.mqttv5.client/1.2.5/org.eclipse.paho.mqttv5.client-1.2.5.jar:/root/.m2/repository/org/eclipse/californium/californium-core/3.12.1/californium-core-3.12.1.jar:/root/.m2/repository/org/eclipse/californium/californium-legal/3.12.1/californium-legal-3.12.1.jar:/root/.m2/repository/org/eclipse/californium/element-connector/3.12.1/element-connector-3.12.1.jar:/root/.m2/repository/org/slf4j/slf4j-api/1.7.36/slf4j-api-1.7.36.jar:/root/.m2/repository/org/eclipse/californium/scandium/3.12.1/scandium-3.12.1.jar:/root/.m2/repository/redis/clients/jedis/5.2.0/jedis-5.2.0.jar:/root/.m2/repository/org/apache/commons/commons-pool2/2.12.0/commons-pool2-2.12.0.jar:/root/.m2/repository/org/json/json/20240303/json-20240303.jar:/root/.m2/repository/com/influxdb/influxdb-client-java/7.2.0/influxdb-client-java-7.2.0.jar:/root/.m2/repository/com/influxdb/influxdb-client-core/7.2.0/influxdb-client-core-7.2.0.jar:/root/.m2/repository/com/influxdb/influxdb-client-utils/7.2.0/influxdb-client-utils-7.2.0.jar:/root/.m2/repository/com/squareup/okio/okio/3.9.0/okio-3.9.0.jar:/root/.m2/repository/com/squareup/okio/okio-jvm/3.9.0/okio-jvm-3.9.0.jar:/root/.m2/repository/org/jetbrains/kotlin/kotlin-stdlib/1.9.21/kotlin-stdlib-1.9.21.jar:/root/.m2/repository/org/jetbrains/annotations/13.0/annotations-13.0.jar:/root/.m2/repository/com/squareup/okhttp3/okhttp/4.12.0/okhttp-4.12.0.jar:/root/.m2/repository/org/jetbrains/kotlin/kotlin-stdlib-jdk8/1.8.21/kotlin-stdlib-jdk8-1.8.21.jar:/root/.m2/repository/org/jetbrains/kotlin/kotlin-stdlib-jdk7/1.8.21/kotlin-stdlib-jdk7-1.8.21.jar:/root/.m2/repository/com/squareup/retrofit2/retrofit/2.11.0/retrofit-2.11.0.jar:/root/.m2/repository/com/squareup/okhttp3/logging-interceptor/4.12.0/logging-interceptor-4.12.0.jar:/root/.m2/repository/org/apache/commons/commons-csv/1.11.0/commons-csv-1.11.0.jar:/root/.m2/repository/commons-io/commons-io/2.16.1/commons-io-2.16.1.jar:/root/.m2/repository/io/reactivex/rxjava3/rxjava/3.1.8/rxjava-3.1.8.jar:/root/.m2/repository/org/reactivestreams/reactive-streams/1.0.4/reactive-streams-1.0.4.jar:/root/.m2/repository/com/squareup/retrofit2/adapter-rxjava3/2.11.0/adapter-rxjava3-2.11.0.jar:/root/.m2/repository/com/squareup/retrofit2/converter-scalars/2.11.0/converter-scalars-2.11.0.jar:/root/.m2/repository/com/squareup/retrofit2/converter-gson/2.11.0/converter-gson-2.11.0.jar:/root/.m2/repository/com/google/code/findbugs/jsr305/3.0.2/jsr305-3.0.2.jar:/root/.m2/repository/jakarta/mail/jakarta.mail-api/2.1.3/jakarta.mail-api-2.1.3.jar:/root/.m2/repository/jakarta/activation/jakarta.activation-api/2.1.3/jakarta.activation-api-2.1.3.jar:/root/.m2/repository/com/amazonaws/aws-iot-device-sdk-java/1.3.13/aws-iot-device-sdk-java-1.3.13.jar:/root/.m2/repository/com/fasterxml/jackson/core/jackson-core/2.13.4/jackson-core-2.13.4.jar:/root/.m2/repository/com/fasterxml/jackson/core/jackson-databind/2.13.4.2/jackson-databind-2.13.4.2.jar:/root/.m2/repository/com/fasterxml/jackson/core/jackson-annotations/2.13.4/jackson-annotations-2.13.4.jar:/root/.m2/repository/org/eclipse/paho/org.eclipse.paho.client.mqttv3/1.2.4/org.eclipse.paho.client.mqttv3-1.2.4.jar:/root/.m2/repository/com/amazonaws/aws-java-sdk-secretsmanager/1.12.315/aws-java-sdk-secretsmanager-1.12.315.jar:/root/.m2/repository/com/amazonaws/aws-java-sdk-core/1.12.315/aws-java-sdk-core-1.12.315.jar:/root/.m2/repository/org/apache/httpcomponents/httpclient/4.5.13/httpclient-4.5.13.jar:/root/.m2/repository/org/apache/httpcomponents/httpcore/4.4.13/httpcore-4.4.13.jar:/root/.m2/repository/software/amazon/ion/ion-java/1.0.2/ion-java-1.0.2.jar:/root/.m2/repository/com/fasterxml/jackson/dataformat/jackson-dataformat-cbor/2.12.6/jackson-dataformat-cbor-2.12.6.jar:/root/.m2/repository/joda-time/joda-time/2.8.1/joda-time-2.8.1.jar:/root/.m2/repository/com/amazonaws/jmespath-java/1.12.315/jmespath-java-1.12.315.jar:/root/.m2/repository/com/amazonaws/aws-iot-device-sdk-java-samples/1.3.13/aws-iot-device-sdk-java-samples-1.3.13.jar:/root/.m2/repository/commons-codec/commons-codec/1.12/commons-codec-1.12.jar:/root/.m2/repository/com/microsoft/azure/sdk/iot/iot-device-client/2.5.0/iot-device-client-2.5.0.jar:/root/.m2/repository/org/apache/qpid/proton-j/0.34.1/proton-j-0.34.1.jar:/root/.m2/repository/com/microsoft/azure/qpid-proton-j-extensions/1.2.4/qpid-proton-j-extensions-1.2.4.jar:/root/.m2/repository/com/microsoft/azure/sdk/iot/provisioning/security/security-provider/2.0.1/security-provider-2.0.1.jar:"/>
    <property name="sun.cpu.endian" value="little"/>
    <property name="user.home" value="/root"/>
    <property name="user.language" value="en"/>
    <property name="java.specification.vendor" value="Oracle Corporation"/>
    <property name="java.version.date" value="2024-10-15"/>
    <property name="java.home" value="/usr/lib/jvm/java-17-openjdk-arm64"/>
    <property name="file.separator" value="/"/>
    <property name="basedir" value="/home/debian/Desktop/excercises/programming-iot/java-components"/>
    <property name="java.vm.compressedOopsMode" value="32-bit"/>
    <property name="line.separator" value="&#10;"/>
    <property name="java.vm.specification.vendor" value="Oracle Corporation"/>
    <property name="java.specification.name" value="Java Platform API Specification"/>
    <property name="surefire.real.class.path" value="/home/debian/Desktop/excercises/programming-iot/java-components/target/surefire/surefirebooter11246045184344158107.jar"/>
    <property name="sun.management.compiler" value="HotSpot 64-Bit Tiered Compilers"/>
    <property name="java.runtime.version" value="17.0.13+11-Debian-1deb11u1"/>
    <property name="user.name" value="root"/>
    <property name="path.separator" value=":"/>
    <property name="os.version" value="5.10.0-33-arm64"/>
    <property name="java.runtime.name" value="OpenJDK Runtime Environment"/>
    <property name="file.encoding" value="UTF-8"/>
    <property name="java.vm.name" value="OpenJDK 64-Bit Server VM"/>
    <property name="localRepository" value="/root/.m2/repository"/>
    <property name="java.vendor.url.bug" value="https://bugs.debian.org/openjdk-17"/>
    <property name="java.io.tmpdir" value="/tmp"/>
    <property name="java.version" value="17.0.13"/>
    <property name="user.dir" value="/home/debian/Desktop/excercises/programming-iot/java-components"/>
    <property name="os.arch" value="aarch64"/>
    <property name="java.vm.specification.name" value="Java Virtual Machine Specification"/>
    <property name="native.encoding" value="UTF-8"/>
    <property name="java.library.path" value="/usr/java/packages/lib:/usr/lib/aarch64-linux-gnu/jni:/lib/aarch64-linux-gnu:/usr/lib/aarch64-linux-gnu:/usr/lib/jni:/lib:/usr/lib"/>
    <property name="java.vm.info" value="mixed mode, sharing"/>
    <property name="java.vendor" value="Debian"/>
    <property name="java.vm.version" value="17.0.13+11-Debian-1deb11u1"/>
    <property name="java.specification.maintenance.version" value="1"/>
    <property name="sun.io.unicode.encoding" value="UnicodeLittle"/>
    <property name="java.class.version" value="61.0"/>
  </properties>
  <testcase name="testGetIntegerProperty" classname="programmingtheiot.part01.unit.common.ConfigUtilTest" time="0.038"/>
  <testcase name="testGetCredentials" classname="programmingtheiot.part01.unit.common.ConfigUtilTest" time="0.019">
    <system-err><![CDATA[Feb 07, 2025 6:12:51 AM programmingtheiot.common.ConfigUtil getCredentials
INFO: Successfully loaded credentials from file: ./src/test/java/programmingtheiot/part01/unit/common/DummyCredFile.props
]]></system-err>
  </testcase>
  <testcase name="testHasSection" classname="programmingtheiot.part01.unit.common.ConfigUtilTest" time="0"/>
  <testcase name="testGetProperty" classname="programmingtheiot.part01.unit.common.ConfigUtilTest" time="0.001"/>
  <testcase name="testHasProperty" classname="programmingtheiot.part01.unit.common.ConfigUtilTest" time="0.001"/>
  <testcase name="testGetBooleanProperty" classname="programmingtheiot.part01.unit.common.ConfigUtilTest" time="0"/>
  <testcase name="testIsConfigDataLoaded" classname="programmingtheiot.part01.unit.common.ConfigUtilTest" time="0"/>
</testsuite>